*** Using Compiler 'V5.06 update 5 (build 528)', folder: 'D:\BaiduNetdiskDownload\Keil5 C51\ARM\ARMCC\Bin'
Build target 'GD32F30X_CL'
compiling main.c...
..\main.c(1): error:  #5: cannot open source input file "sys.h": No such file or directory
  #include "sys.h"
..\main.c: 0 warnings, 1 error
compiling gd32f30x_it.c...
..\gd32f30x_libopt.h(41): error:  #5: cannot open source input file "gd32f30x_rcu.h": No such file or directory
  #include "gd32f30x_rcu.h"
..\gd32f30x_it.c: 0 warnings, 1 error
compiling systick.c...
..\gd32f30x_libopt.h(41): error:  #5: cannot open source input file "gd32f30x_rcu.h": No such file or directory
  #include "gd32f30x_rcu.h"
..\systick.c: 0 warnings, 1 error
compiling gd32f30x_can.c...
..\..\..\Firmware\GD32F30x_standard_peripheral\Source\gd32f30x_can.c(41): error:  #5: cannot open source input file "gd32f30x_can.h": No such file or directory
  #include "gd32f30x_can.h"
..\..\..\Firmware\GD32F30x_standard_peripheral\Source\gd32f30x_can.c: 0 warnings, 1 error
compiling gd32f30x_adc.c...
..\..\..\Firmware\GD32F30x_standard_peripheral\Source\gd32f30x_adc.c(38): error:  #5: cannot open source input file "gd32f30x_adc.h": No such file or directory
  #include "gd32f30x_adc.h"
..\..\..\Firmware\GD32F30x_standard_peripheral\Source\gd32f30x_adc.c: 0 warnings, 1 error
compiling gd32f30x_crc.c...
..\..\..\Firmware\GD32F30x_standard_peripheral\Source\gd32f30x_crc.c(38): error:  #5: cannot open source input file "gd32f30x_crc.h": No such file or directory
  #include "gd32f30x_crc.h"
..\..\..\Firmware\GD32F30x_standard_peripheral\Source\gd32f30x_crc.c: 0 warnings, 1 error
compiling gd32f30x_bkp.c...
..\..\..\Firmware\GD32F30x_standard_peripheral\Source\gd32f30x_bkp.c(38): error:  #5: cannot open source input file "gd32f30x_bkp.h": No such file or directory
  #include "gd32f30x_bkp.h"
..\..\..\Firmware\GD32F30x_standard_peripheral\Source\gd32f30x_bkp.c: 0 warnings, 1 error
compiling system_gd32f30x.c...
..\gd32f30x_libopt.h(41): error:  #5: cannot open source input file "gd32f30x_rcu.h": No such file or directory
  #include "gd32f30x_rcu.h"
..\..\..\Firmware\CMSIS\GD\GD32F30x\Source\system_gd32f30x.c: 0 warnings, 1 error
compiling gd32f30x_exmc.c...
..\..\..\Firmware\GD32F30x_standard_peripheral\Source\gd32f30x_exmc.c(38): error:  #5: cannot open source input file "gd32f30x_exmc.h": No such file or directory
  #include "gd32f30x_exmc.h"
..\..\..\Firmware\GD32F30x_standard_peripheral\Source\gd32f30x_exmc.c: 0 warnings, 1 error
compiling gd32f30x_ctc.c...
..\..\..\Firmware\GD32F30x_standard_peripheral\Source\gd32f30x_ctc.c(38): error:  #5: cannot open source input file "gd32f30x_ctc.h": No such file or directory
  #include "gd32f30x_ctc.h"
..\..\..\Firmware\GD32F30x_standard_peripheral\Source\gd32f30x_ctc.c: 0 warnings, 1 error
compiling gd32f30x_exti.c...
..\..\..\Firmware\GD32F30x_standard_peripheral\Source\gd32f30x_exti.c(38): error:  #5: cannot open source input file "gd32f30x_exti.h": No such file or directory
  #include "gd32f30x_exti.h"
..\..\..\Firmware\GD32F30x_standard_peripheral\Source\gd32f30x_exti.c: 0 warnings, 1 error
compiling gd32f30x_dac.c...
..\..\..\Firmware\GD32F30x_standard_peripheral\Source\gd32f30x_dac.c(38): error:  #5: cannot open source input file "gd32f30x_dac.h": No such file or directory
  #include "gd32f30x_dac.h"
..\..\..\Firmware\GD32F30x_standard_peripheral\Source\gd32f30x_dac.c: 0 warnings, 1 error
compiling gd32f30x_dbg.c...
..\..\..\Firmware\GD32F30x_standard_peripheral\Source\gd32f30x_dbg.c(38): error:  #5: cannot open source input file "gd32f30x_dbg.h": No such file or directory
  #include "gd32f30x_dbg.h"
..\..\..\Firmware\GD32F30x_standard_peripheral\Source\gd32f30x_dbg.c: 0 warnings, 1 error
compiling gd32f30x_enet.c...
..\..\..\Firmware\GD32F30x_standard_peripheral\Source\gd32f30x_enet.c(39): error:  #5: cannot open source input file "gd32f30x_enet.h": No such file or directory
  #include "gd32f30x_enet.h"
..\..\..\Firmware\GD32F30x_standard_peripheral\Source\gd32f30x_enet.c: 0 warnings, 1 error
compiling gd32f30x_fmc.c...
..\..\..\Firmware\GD32F30x_standard_peripheral\Source\gd32f30x_fmc.c(39): error:  #5: cannot open source input file "gd32f30x_fmc.h": No such file or directory
  #include "gd32f30x_fmc.h"
..\..\..\Firmware\GD32F30x_standard_peripheral\Source\gd32f30x_fmc.c: 0 warnings, 1 error
compiling gd32f30x_dma.c...
..\..\..\Firmware\GD32F30x_standard_peripheral\Source\gd32f30x_dma.c(38): error:  #5: cannot open source input file "gd32f30x_dma.h": No such file or directory
  #include "gd32f30x_dma.h"
..\..\..\Firmware\GD32F30x_standard_peripheral\Source\gd32f30x_dma.c: 0 warnings, 1 error
compiling gd32f30x_fwdgt.c...
..\..\..\Firmware\GD32F30x_standard_peripheral\Source\gd32f30x_fwdgt.c(38): error:  #5: cannot open source input file "gd32f30x_fwdgt.h": No such file or directory
  #include "gd32f30x_fwdgt.h"
..\..\..\Firmware\GD32F30x_standard_peripheral\Source\gd32f30x_fwdgt.c: 0 warnings, 1 error
compiling gd32f30x_misc.c...
..\..\..\Firmware\GD32F30x_standard_peripheral\Source\gd32f30x_misc.c(38): error:  #5: cannot open source input file "gd32f30x_misc.h": No such file or directory
  #include "gd32f30x_misc.h"
..\..\..\Firmware\GD32F30x_standard_peripheral\Source\gd32f30x_misc.c: 0 warnings, 1 error
compiling gd32f30x_i2c.c...
..\..\..\Firmware\GD32F30x_standard_peripheral\Source\gd32f30x_i2c.c(39): error:  #5: cannot open source input file "gd32f30x_i2c.h": No such file or directory
  #include "gd32f30x_i2c.h"
..\..\..\Firmware\GD32F30x_standard_peripheral\Source\gd32f30x_i2c.c: 0 warnings, 1 error
compiling gd32f30x_pmu.c...
..\..\..\Firmware\GD32F30x_standard_peripheral\Source\gd32f30x_pmu.c(39): error:  #5: cannot open source input file "gd32f30x_pmu.h": No such file or directory
  #include "gd32f30x_pmu.h"
..\..\..\Firmware\GD32F30x_standard_peripheral\Source\gd32f30x_pmu.c: 0 warnings, 1 error
compiling gd32f30x_sdio.c...
..\..\..\Firmware\GD32F30x_standard_peripheral\Source\gd32f30x_sdio.c(38): error:  #5: cannot open source input file "gd32f30x_sdio.h": No such file or directory
  #include "gd32f30x_sdio.h"
..\..\..\Firmware\GD32F30x_standard_peripheral\Source\gd32f30x_sdio.c: 0 warnings, 1 error
compiling gd32f30x_gpio.c...
..\..\..\Firmware\GD32F30x_standard_peripheral\Source\gd32f30x_gpio.c(38): error:  #5: cannot open source input file "gd32f30x_gpio.h": No such file or directory
  #include "gd32f30x_gpio.h"
..\..\..\Firmware\GD32F30x_standard_peripheral\Source\gd32f30x_gpio.c: 0 warnings, 1 error
compiling gd32f30x_rtc.c...
..\..\..\Firmware\GD32F30x_standard_peripheral\Source\gd32f30x_rtc.c(39): error:  #5: cannot open source input file "gd32f30x_rtc.h": No such file or directory
  #include "gd32f30x_rtc.h"
..\..\..\Firmware\GD32F30x_standard_peripheral\Source\gd32f30x_rtc.c: 0 warnings, 1 error
compiling gd32f30x_rcu.c...
..\..\..\Firmware\GD32F30x_standard_peripheral\Source\gd32f30x_rcu.c(38): error:  #5: cannot open source input file "gd32f30x_rcu.h": No such file or directory
  #include "gd32f30x_rcu.h"
..\..\..\Firmware\GD32F30x_standard_peripheral\Source\gd32f30x_rcu.c: 0 warnings, 1 error
compiling gd32f30x_spi.c...
..\..\..\Firmware\GD32F30x_standard_peripheral\Source\gd32f30x_spi.c(38): error:  #5: cannot open source input file "gd32f30x_spi.h": No such file or directory
  #include "gd32f30x_spi.h"
..\..\..\Firmware\GD32F30x_standard_peripheral\Source\gd32f30x_spi.c: 0 warnings, 1 error
compiling gd32f30x_timer.c...
..\..\..\Firmware\GD32F30x_standard_peripheral\Source\gd32f30x_timer.c(38): error:  #5: cannot open source input file "gd32f30x_timer.h": No such file or directory
  #include "gd32f30x_timer.h"
..\..\..\Firmware\GD32F30x_standard_peripheral\Source\gd32f30x_timer.c: 0 warnings, 1 error
compiling gd32f30x_wwdgt.c...
..\..\..\Firmware\GD32F30x_standard_peripheral\Source\gd32f30x_wwdgt.c(38): error:  #5: cannot open source input file "gd32f30x_wwdgt.h": No such file or directory
  #include "gd32f30x_wwdgt.h"
..\..\..\Firmware\GD32F30x_standard_peripheral\Source\gd32f30x_wwdgt.c: 0 warnings, 1 error
compiling oled.c...
..\gd32f30x_libopt.h(41): error:  #5: cannot open source input file "gd32f30x_rcu.h": No such file or directory
  #include "gd32f30x_rcu.h"
..\..\..\Hardware\OLED\oled.c: 0 warnings, 1 error
assembling startup_gd32f30x_hd.s...
compiling Random.c...
..\..\..\Hardware\Random\Random.c(1): error:  #5: cannot open source input file "sys.h": No such file or directory
  #include "sys.h"
..\..\..\Hardware\Random\Random.c: 0 warnings, 1 error
compiling Key.c...
..\gd32f30x_libopt.h(41): error:  #5: cannot open source input file "gd32f30x_rcu.h": No such file or directory
  #include "gd32f30x_rcu.h"
..\..\..\Hardware\Key\Key.c: 0 warnings, 1 error
compiling gd32f30x_usart.c...
..\..\..\Firmware\GD32F30x_standard_peripheral\Source\gd32f30x_usart.c(38): error:  #5: cannot open source input file "gd32f30x_usart.h": No such file or directory
  #include "gd32f30x_usart.h"
..\..\..\Firmware\GD32F30x_standard_peripheral\Source\gd32f30x_usart.c: 0 warnings, 1 error
compiling BEEPER.c...
..\..\..\Hardware\BEEPER\BEEPER.h(3): error:  #5: cannot open source input file "sys.h": No such file or directory
  #include "sys.h"
..\..\..\Hardware\BEEPER\BEEPER.c: 0 warnings, 1 error
compiling Encoder.c...
..\..\..\Hardware\Encoder\Encoder.h(3): error:  #5: cannot open source input file "sys.h": No such file or directory
  #include "sys.h"
..\..\..\Hardware\Encoder\Encoder.c: 0 warnings, 1 error
compiling inv_mpu_dmp_motion_driver.c...
..\gd32f30x_libopt.h(41): error:  #5: cannot open source input file "gd32f30x_rcu.h": No such file or directory
  #include "gd32f30x_rcu.h"
..\..\..\Hardware\MPU6050\inv_mpu_dmp_motion_driver.c: 0 warnings, 1 error
compiling inv_mpu.c...
..\gd32f30x_libopt.h(41): error:  #5: cannot open source input file "gd32f30x_rcu.h": No such file or directory
  #include "gd32f30x_rcu.h"
..\..\..\Hardware\MPU6050\inv_mpu.c: 0 warnings, 1 error
compiling w25qxx.c...
..\gd32f30x_libopt.h(41): error:  #5: cannot open source input file "gd32f30x_rcu.h": No such file or directory
  #include "gd32f30x_rcu.h"
..\..\..\Hardware\W25QXX\w25qxx.c: 0 warnings, 1 error
compiling MMC_SD.C...
..\..\..\Hardware\SD\MMC_SD.C(1): error:  #5: cannot open source input file "sys.h": No such file or directory
  #include "sys.h"
..\..\..\Hardware\SD\MMC_SD.C: 0 warnings, 1 error
compiling led.c...
..\gd32f30x_libopt.h(41): error:  #5: cannot open source input file "gd32f30x_rcu.h": No such file or directory
  #include "gd32f30x_rcu.h"
..\..\..\Hardware\LED\led.c: 0 warnings, 1 error
compiling myiic.c...
..\gd32f30x_libopt.h(41): error:  #5: cannot open source input file "gd32f30x_rcu.h": No such file or directory
  #include "gd32f30x_rcu.h"
..\..\..\Hardware\MPU6050\myiic.c: 0 warnings, 1 error
compiling mpu6050.c...
..\gd32f30x_libopt.h(41): error:  #5: cannot open source input file "gd32f30x_rcu.h": No such file or directory
  #include "gd32f30x_rcu.h"
..\..\..\Hardware\MPU6050\mpu6050.c: 0 warnings, 1 error
compiling MySPI.c...
..\gd32f30x_libopt.h(41): error:  #5: cannot open source input file "gd32f30x_rcu.h": No such file or directory
  #include "gd32f30x_rcu.h"
..\..\..\Hardware\MySPI\MySPI.c: 0 warnings, 1 error
compiling FileSystem.c...
..\gd32f30x_libopt.h(41): error:  #5: cannot open source input file "gd32f30x_rcu.h": No such file or directory
  #include "gd32f30x_rcu.h"
..\..\..\Hardware\FileSystem\FileSystem.c: 0 warnings, 1 error
compiling sys.c...
..\gd32f30x_libopt.h(41): error:  #5: cannot open source input file "gd32f30x_rcu.h": No such file or directory
  #include "gd32f30x_rcu.h"
..\..\..\SYSTEM\sys.c: 0 warnings, 1 error
compiling Queue.c...
..\..\..\SYSTEM\Queue.h(22): error:  #5: cannot open source input file "DataType.h": No such file or directory
  #include "DataType.h"
..\..\..\SYSTEM\Queue.c: 0 warnings, 1 error
compiling TIMER5_Delay.c...
..\gd32f30x_libopt.h(41): error:  #5: cannot open source input file "gd32f30x_rcu.h": No such file or directory
  #include "gd32f30x_rcu.h"
..\..\..\SYSTEM\TIMER5_Delay.c: 0 warnings, 1 error
compiling UART0.c...
..\..\..\SYSTEM\UART0.h(23): error:  #5: cannot open source input file "DataType.h": No such file or directory
  #include "DataType.h"
..\..\..\SYSTEM\UART0.c: 0 warnings, 1 error
compiling u8g2_font.c...
..\..\..\Hardware\OLED_U8G2\u8g2_font.c(876): error:  #268: declaration may not appear after executable statement in block
    const uint8_t *glyph_data = u8g2_font_get_glyph_data(u8g2, encoding);
..\..\..\Hardware\OLED_U8G2\u8g2_font.c(889): error:  #268: declaration may not appear after executable statement in block
    const uint8_t *glyph_data = u8g2_font_get_glyph_data(u8g2, encoding);
..\..\..\Hardware\OLED_U8G2\u8g2_font.c(1077): error:  #268: declaration may not appear after executable statement in block
    uint16_t e_prev = 0x0ffff;
..\..\..\Hardware\OLED_U8G2\u8g2_font.c(1078): error:  #268: declaration may not appear after executable statement in block
    uint16_t e;
..\..\..\Hardware\OLED_U8G2\u8g2_font.c(1079): error:  #268: declaration may not appear after executable statement in block
    u8g2_uint_t delta, sum, k;
..\..\..\Hardware\OLED_U8G2\u8g2_font.c(1124): error:  #268: declaration may not appear after executable statement in block
    uint16_t e_prev = 0x0ffff;
..\..\..\Hardware\OLED_U8G2\u8g2_font.c(1125): error:  #268: declaration may not appear after executable statement in block
    uint16_t e;
..\..\..\Hardware\OLED_U8G2\u8g2_font.c(1126): error:  #268: declaration may not appear after executable statement in block
    u8g2_uint_t delta, sum, k;
..\..\..\Hardware\OLED_U8G2\u8g2_font.c: 0 warnings, 8 errors
compiling u8g2_cleardisplay.c...
compiling u8g2_d_setup.c...
compiling u8g2_d_memory.c...
compiling u8g2_circle.c...
compiling u8g2_hvline.c...
compiling u8g2_fonts.c...
compiling u8g2_Init.c...
..\..\..\Hardware\OLED_U8G2\u8g2_Init.c(1): error:  #5: cannot open source input file "sys.h": No such file or directory
  #include "sys.h"
..\..\..\Hardware\OLED_U8G2\u8g2_Init.c: 0 warnings, 1 error
compiling u8g2_line.c...
compiling u8g2_kerning.c...
compiling u8g2_input_value.c...
compiling u8g2_intersection.c...
compiling u8g2_ll_hvline.c...
compiling u8g2_message.c...
compiling u8g2_polygon.c...
compiling u8log.c...
compiling u8g2_setup.c...
compiling u8x8_byte.c...
compiling u8log_u8g2.c...
compiling u8log_u8x8.c...
compiling u8g2_selection_list.c...
compiling u8x8_8x8.c...
compiling u8x8_capture.c...
compiling u8x8_d_ssd1306_128x64_noname.c...
compiling u8x8_d_a2printer.c...
compiling u8x8_d_ssd1306_128x32.c...
compiling u8x8_cad.c...
compiling u8x8_debounce.c...
compiling u8x8_display.c...
compiling u8x8_fonts.c...
compiling u8x8_gpio.c...
compiling u8x8_input_value.c...
compiling u8x8_selection_list.c...
compiling u8x8_u8toa.c...
compiling u8x8_setup.c...
compiling u8x8_message.c...
compiling u8x8_string.c...
compiling u8x8_u16toa.c...
compiling mui.c...
..\..\..\Hardware\OLED_U8G2\mui.c(132): error:  #268: declaration may not appear after executable statement in block
    uint8_t c;
..\..\..\Hardware\OLED_U8G2\mui.c(133): error:  #268: declaration may not appear after executable statement in block
    fds_t *t = s;
..\..\..\Hardware\OLED_U8G2\mui.c: 0 warnings, 2 errors
compiling HugoUI_User.c...
..\..\..\Hardware\Hugo_UI\HugoUI_User.h(4): error:  #5: cannot open source input file "oled.h": No such file or directory
  #include "oled.h"
..\..\..\Hardware\Hugo_UI\HugoUI_User.c: 0 warnings, 1 error
compiling Hugo_UI.c...
..\gd32f30x_libopt.h(41): error:  #5: cannot open source input file "gd32f30x_rcu.h": No such file or directory
  #include "gd32f30x_rcu.h"
..\..\..\Hardware\Hugo_UI\Hugo_UI.c: 0 warnings, 1 error
compiling u8g2_box.c...
compiling u8g2_button.c...
compiling u8g2_bitmap.c...
compiling u8g2_buffer.c...
compiling OLED_User.c...
..\..\..\Hardware\OLED\OLED.h(4): error:  #5: cannot open source input file "sys.h": No such file or directory
  #include "sys.h"
..\..\..\Hardware\OLED\OLED_User.c: 0 warnings, 1 error
compiling mui_u8g2.c...
compiling HugoUI_BMP.c...
..\..\..\Hardware\Hugo_UI\HugoUI_BMP.h(3): error:  #5: cannot open source input file "DataType.h": No such file or directory
  #include "DataType.h"
..\..\..\Hardware\Hugo_UI\HugoUI_BMP.c: 0 warnings, 1 error
compiling malloc.c...
..\gd32f30x_libopt.h(41): error:  #5: cannot open source input file "gd32f30x_rcu.h": No such file or directory
  #include "gd32f30x_rcu.h"
..\..\..\MALLOC\malloc.c: 0 warnings, 1 error
compiling exfuns.c...
..\gd32f30x_libopt.h(41): error:  #5: cannot open source input file "gd32f30x_rcu.h": No such file or directory
  #include "gd32f30x_rcu.h"
..\..\..\FATFS\exfuns\exfuns.c: 0 warnings, 1 error
compiling fattester.c...
..\gd32f30x_libopt.h(41): error:  #5: cannot open source input file "gd32f30x_rcu.h": No such file or directory
  #include "gd32f30x_rcu.h"
..\..\..\FATFS\exfuns\fattester.c: 0 warnings, 1 error
compiling diskio.c...
..\..\..\FATFS\src\diskio.c(11): error:  #5: cannot open source input file "mmc_sd.h": No such file or directory
  #include "mmc_sd.h"	
..\..\..\FATFS\src\diskio.c: 0 warnings, 1 error
compiling fontupd.c...
..\gd32f30x_libopt.h(41): error:  #5: cannot open source input file "gd32f30x_rcu.h": No such file or directory
  #include "gd32f30x_rcu.h"
..\..\..\TEXT\fontupd.c: 0 warnings, 1 error
compiling text.c...
..\gd32f30x_libopt.h(41): error:  #5: cannot open source input file "gd32f30x_rcu.h": No such file or directory
  #include "gd32f30x_rcu.h"
..\..\..\TEXT\text.c: 0 warnings, 1 error
compiling mycc936.c...
..\..\..\FATFS\exfuns\mycc936.c(1): error:  #5: cannot open source input file "ff.h": No such file or directory
  #include "ff.h"   
..\..\..\FATFS\exfuns\mycc936.c: 0 warnings, 1 error
compiling max30102.c...
..\gd32f30x_libopt.h(41): error:  #5: cannot open source input file "gd32f30x_rcu.h": No such file or directory
  #include "gd32f30x_rcu.h"
..\..\..\Hardware\MAX30102\max30102.c: 0 warnings, 1 error
compiling max30102_fir.c...
D:\BaiduNetdiskDownload\Keil5 C51\ARM\PACK\ARM\CMSIS\5.0.1\CMSIS\Include\arm_math.h(329): error:  #35: #error directive: "Define according the used Cortex core ARM_MATH_CM7, ARM_MATH_CM4, ARM_MATH_CM3, ARM_MATH_CM0PLUS, ARM_MATH_CM0, ARM_MATH_ARMV8MBL, ARM_MATH_ARMV8MML"
    #error "Define according the used Cortex core ARM_MATH_CM7, ARM_MATH_CM4, ARM_MATH_CM3, ARM_MATH_CM0PLUS, ARM_MATH_CM0, ARM_MATH_ARMV8MBL, ARM_MATH_ARMV8MML"
..\..\..\Hardware\MAX30102\max30102_fir.c: 0 warnings, 1 error
compiling myiic_max30102.c...
..\gd32f30x_libopt.h(41): error:  #5: cannot open source input file "gd32f30x_rcu.h": No such file or directory
  #include "gd32f30x_rcu.h"
..\..\..\Hardware\MAX30102\myiic_max30102.c: 0 warnings, 1 error
compiling ff.c...
".\output\Project.axf" - 71 Error(s), 0 Warning(s).
Target not created.
Build Time Elapsed:  00:00:10
